{"C:\\Users\\Admin\\Documents\\trae_projects\\RN\\src\\auth\\service.ts": {"path":"C:\\Users\\Admin\\Documents\\trae_projects\\RN\\src\\auth\\service.ts","statementMap":{"0":{"start":{"line":5,"column":10},"end":{"line":5,"column":45}},"1":{"start":{"line":6,"column":38},"end":{"line":6,"column":61}},"2":{"start":{"line":8,"column":4},"end":{"line":8,"column":91}},"3":{"start":{"line":8,"column":52},"end":{"line":8,"column":91}},"4":{"start":{"line":9,"column":17},"end":{"line":9,"column":68}},"5":{"start":{"line":10,"column":4},"end":{"line":10,"column":16}},"6":{"start":{"line":13,"column":4},"end":{"line":13,"column":91}},"7":{"start":{"line":13,"column":52},"end":{"line":13,"column":91}},"8":{"start":{"line":14,"column":20},"end":{"line":14,"column":74}},"9":{"start":{"line":15,"column":4},"end":{"line":15,"column":27}},"10":{"start":{"line":16,"column":4},"end":{"line":16,"column":19}},"11":{"start":{"line":19,"column":14},"end":{"line":19,"column":45}},"12":{"start":{"line":20,"column":4},"end":{"line":20,"column":21}},"13":{"start":{"line":21,"column":4},"end":{"line":21,"column":13}},"14":{"start":{"line":24,"column":4},"end":{"line":24,"column":33}},"15":{"start":{"line":25,"column":4},"end":{"line":25,"column":24}},"16":{"start":{"line":3,"column":0},"end":{"line":3,"column":13}}},"fnMap":{"0":{"name":"(anonymous_0)","decl":{"start":{"line":6,"column":2},"end":{"line":6,"column":14}},"loc":{"start":{"line":6,"column":34},"end":{"line":6,"column":63}}},"1":{"name":"(anonymous_1)","decl":{"start":{"line":7,"column":2},"end":{"line":7,"column":7}},"loc":{"start":{"line":7,"column":48},"end":{"line":11,"column":3}}},"2":{"name":"(anonymous_2)","decl":{"start":{"line":12,"column":2},"end":{"line":12,"column":7}},"loc":{"start":{"line":12,"column":45},"end":{"line":17,"column":3}}},"3":{"name":"(anonymous_3)","decl":{"start":{"line":18,"column":2},"end":{"line":18,"column":7}},"loc":{"start":{"line":18,"column":18},"end":{"line":22,"column":3}}},"4":{"name":"(anonymous_4)","decl":{"start":{"line":23,"column":2},"end":{"line":23,"column":7}},"loc":{"start":{"line":23,"column":14},"end":{"line":26,"column":3}}}},"branchMap":{"0":{"loc":{"start":{"line":8,"column":4},"end":{"line":8,"column":91}},"type":"if","locations":[{"start":{"line":8,"column":4},"end":{"line":8,"column":91}}]},"1":{"loc":{"start":{"line":8,"column":8},"end":{"line":8,"column":50}},"type":"binary-expr","locations":[{"start":{"line":8,"column":8},"end":{"line":8,"column":14}},{"start":{"line":8,"column":18},"end":{"line":8,"column":27}},{"start":{"line":8,"column":31},"end":{"line":8,"column":50}}]},"2":{"loc":{"start":{"line":13,"column":4},"end":{"line":13,"column":91}},"type":"if","locations":[{"start":{"line":13,"column":4},"end":{"line":13,"column":91}}]},"3":{"loc":{"start":{"line":13,"column":8},"end":{"line":13,"column":50}},"type":"binary-expr","locations":[{"start":{"line":13,"column":8},"end":{"line":13,"column":14}},{"start":{"line":13,"column":18},"end":{"line":13,"column":27}},{"start":{"line":13,"column":31},"end":{"line":13,"column":50}}]}},"s":{"0":2,"1":2,"2":2,"3":1,"4":1,"5":1,"6":2,"7":1,"8":1,"9":1,"10":1,"11":2,"12":2,"13":2,"14":1,"15":1,"16":1},"f":{"0":2,"1":2,"2":2,"3":2,"4":1},"b":{"0":[1],"1":[2,2,2],"2":[1],"3":[2,2,2]}}
,"C:\\Users\\Admin\\Documents\\trae_projects\\RN\\src\\crypto\\e2ee.ts": {"path":"C:\\Users\\Admin\\Documents\\trae_projects\\RN\\src\\crypto\\e2ee.ts","statementMap":{"0":{"start":{"line":12,"column":0},"end":{"line":12,"column":16}},"1":{"start":{"line":16,"column":0},"end":{"line":16,"column":16}},"2":{"start":{"line":23,"column":0},"end":{"line":23,"column":16}},"3":{"start":{"line":43,"column":0},"end":{"line":43,"column":16}},"4":{"start":{"line":56,"column":0},"end":{"line":56,"column":16}},"5":{"start":{"line":1,"column":0},"end":{"line":1,"column":33}},"6":{"start":{"line":13,"column":2},"end":{"line":13,"column":65}},"7":{"start":{"line":17,"column":2},"end":{"line":17,"column":87}},"8":{"start":{"line":17,"column":29},"end":{"line":17,"column":87}},"9":{"start":{"line":18,"column":18},"end":{"line":18,"column":35}},"10":{"start":{"line":19,"column":15},"end":{"line":19,"column":42}},"11":{"start":{"line":20,"column":2},"end":{"line":20,"column":71}},"12":{"start":{"line":30,"column":13},"end":{"line":30,"column":35}},"13":{"start":{"line":31,"column":17},"end":{"line":31,"column":62}},"14":{"start":{"line":32,"column":24},"end":{"line":32,"column":102}},"15":{"start":{"line":33,"column":2},"end":{"line":40,"column":4}},"16":{"start":{"line":44,"column":13},"end":{"line":44,"column":46}},"17":{"start":{"line":45,"column":19},"end":{"line":45,"column":66}},"18":{"start":{"line":46,"column":20},"end":{"line":46,"column":61}},"19":{"start":{"line":47,"column":19},"end":{"line":47,"column":80}},"20":{"start":{"line":48,"column":2},"end":{"line":48,"column":35}},"21":{"start":{"line":57,"column":55},"end":{"line":57,"column":58}},"22":{"start":{"line":58,"column":18},"end":{"line":58,"column":51}},"23":{"start":{"line":59,"column":2},"end":{"line":59,"column":79}},"24":{"start":{"line":59,"column":42},"end":{"line":59,"column":79}},"25":{"start":{"line":60,"column":22},"end":{"line":60,"column":63}},"26":{"start":{"line":61,"column":2},"end":{"line":63,"column":3}},"27":{"start":{"line":62,"column":4},"end":{"line":62,"column":55}},"28":{"start":{"line":64,"column":2},"end":{"line":64,"column":101}},"29":{"start":{"line":64,"column":65},"end":{"line":64,"column":101}},"30":{"start":{"line":65,"column":2},"end":{"line":65,"column":104}},"31":{"start":{"line":65,"column":67},"end":{"line":65,"column":104}}},"fnMap":{"0":{"name":"sha256Hex","decl":{"start":{"line":12,"column":16},"end":{"line":12,"column":25}},"loc":{"start":{"line":12,"column":39},"end":{"line":14,"column":1}}},"1":{"name":"deriveChatKey","decl":{"start":{"line":16,"column":16},"end":{"line":16,"column":29}},"loc":{"start":{"line":16,"column":86},"end":{"line":21,"column":1}}},"2":{"name":"encryptMessage","decl":{"start":{"line":23,"column":16},"end":{"line":23,"column":30}},"loc":{"start":{"line":28,"column":36},"end":{"line":41,"column":1}}},"3":{"name":"decryptMessage","decl":{"start":{"line":43,"column":16},"end":{"line":43,"column":30}},"loc":{"start":{"line":43,"column":69},"end":{"line":49,"column":1}}},"4":{"name":"validatePayloadInvariants","decl":{"start":{"line":56,"column":16},"end":{"line":56,"column":41}},"loc":{"start":{"line":56,"column":101},"end":{"line":66,"column":1}}}},"branchMap":{"0":{"loc":{"start":{"line":16,"column":66},"end":{"line":16,"column":86}},"type":"default-arg","locations":[{"start":{"line":16,"column":79},"end":{"line":16,"column":86}}]},"1":{"loc":{"start":{"line":17,"column":2},"end":{"line":17,"column":87}},"type":"if","locations":[{"start":{"line":17,"column":2},"end":{"line":17,"column":87}}]},"2":{"loc":{"start":{"line":27,"column":2},"end":{"line":27,"column":30}},"type":"default-arg","locations":[{"start":{"line":27,"column":24},"end":{"line":27,"column":30}}]},"3":{"loc":{"start":{"line":56,"column":69},"end":{"line":56,"column":101}},"type":"default-arg","locations":[{"start":{"line":56,"column":99},"end":{"line":56,"column":101}}]},"4":{"loc":{"start":{"line":57,"column":30},"end":{"line":57,"column":50}},"type":"default-arg","locations":[{"start":{"line":57,"column":48},"end":{"line":57,"column":50}}]},"5":{"loc":{"start":{"line":59,"column":2},"end":{"line":59,"column":79}},"type":"if","locations":[{"start":{"line":59,"column":2},"end":{"line":59,"column":79}}]},"6":{"loc":{"start":{"line":61,"column":2},"end":{"line":63,"column":3}},"type":"if","locations":[{"start":{"line":61,"column":2},"end":{"line":63,"column":3}}]},"7":{"loc":{"start":{"line":61,"column":6},"end":{"line":61,"column":81}},"type":"binary-expr","locations":[{"start":{"line":61,"column":6},"end":{"line":61,"column":38}},{"start":{"line":61,"column":42},"end":{"line":61,"column":81}}]},"8":{"loc":{"start":{"line":64,"column":2},"end":{"line":64,"column":101}},"type":"if","locations":[{"start":{"line":64,"column":2},"end":{"line":64,"column":101}}]},"9":{"loc":{"start":{"line":64,"column":6},"end":{"line":64,"column":63}},"type":"binary-expr","locations":[{"start":{"line":64,"column":6},"end":{"line":64,"column":23}},{"start":{"line":64,"column":27},"end":{"line":64,"column":63}}]},"10":{"loc":{"start":{"line":65,"column":2},"end":{"line":65,"column":104}},"type":"if","locations":[{"start":{"line":65,"column":2},"end":{"line":65,"column":104}}]},"11":{"loc":{"start":{"line":65,"column":6},"end":{"line":65,"column":65}},"type":"binary-expr","locations":[{"start":{"line":65,"column":6},"end":{"line":65,"column":24}},{"start":{"line":65,"column":28},"end":{"line":65,"column":65}}]}},"s":{"0":2,"1":2,"2":2,"3":2,"4":2,"5":2,"6":11,"7":12,"8":1,"9":11,"10":11,"11":11,"12":10,"13":10,"14":10,"15":10,"16":3,"17":3,"18":3,"19":3,"20":3,"21":9,"22":9,"23":9,"24":1,"25":8,"26":8,"27":1,"28":7,"29":1,"30":6,"31":1},"f":{"0":11,"1":12,"2":10,"3":3,"4":9},"b":{"0":[12],"1":[1],"2":[1],"3":[4],"4":[7],"5":[1],"6":[1],"7":[8,4],"8":[1],"9":[7,6],"10":[1],"11":[6,5]}}
,"C:\\Users\\Admin\\Documents\\trae_projects\\RN\\src\\key\\session.ts": {"path":"C:\\Users\\Admin\\Documents\\trae_projects\\RN\\src\\key\\session.ts","statementMap":{"0":{"start":{"line":16,"column":0},"end":{"line":16,"column":16}},"1":{"start":{"line":9,"column":10},"end":{"line":9,"column":42}},"2":{"start":{"line":10,"column":24},"end":{"line":10,"column":52}},"3":{"start":{"line":11,"column":42},"end":{"line":11,"column":73}},"4":{"start":{"line":12,"column":27},"end":{"line":12,"column":51}},"5":{"start":{"line":13,"column":12},"end":{"line":13,"column":29}},"6":{"start":{"line":17,"column":2},"end":{"line":17,"column":62}},"7":{"start":{"line":22,"column":39},"end":{"line":22,"column":89}},"8":{"start":{"line":24,"column":4},"end":{"line":24,"column":73}},"9":{"start":{"line":24,"column":37},"end":{"line":24,"column":73}},"10":{"start":{"line":25,"column":4},"end":{"line":25,"column":37}},"11":{"start":{"line":27,"column":24},"end":{"line":27,"column":54}},"12":{"start":{"line":28,"column":26},"end":{"line":28,"column":52}},"13":{"start":{"line":29,"column":15},"end":{"line":29,"column":34}},"14":{"start":{"line":20,"column":0},"end":{"line":20,"column":13}}},"fnMap":{"0":{"name":"(anonymous_0)","decl":{"start":{"line":8,"column":0},"end":{"line":8,"column":6}},"loc":{"start":{"line":8,"column":0},"end":{"line":14,"column":1}}},"1":{"name":"(anonymous_1)","decl":{"start":{"line":10,"column":2},"end":{"line":10,"column":5}},"loc":{"start":{"line":10,"column":20},"end":{"line":10,"column":54}}},"2":{"name":"(anonymous_2)","decl":{"start":{"line":11,"column":2},"end":{"line":11,"column":5}},"loc":{"start":{"line":11,"column":38},"end":{"line":11,"column":75}}},"3":{"name":"(anonymous_3)","decl":{"start":{"line":12,"column":2},"end":{"line":12,"column":8}},"loc":{"start":{"line":12,"column":23},"end":{"line":12,"column":53}}},"4":{"name":"(anonymous_4)","decl":{"start":{"line":13,"column":2},"end":{"line":13,"column":7}},"loc":{"start":{"line":13,"column":7},"end":{"line":13,"column":31}}},"5":{"name":"validatePassword","decl":{"start":{"line":16,"column":16},"end":{"line":16,"column":32}},"loc":{"start":{"line":16,"column":49},"end":{"line":18,"column":1}}},"6":{"name":"(anonymous_6)","decl":{"start":{"line":22,"column":2},"end":{"line":22,"column":14}},"loc":{"start":{"line":22,"column":35},"end":{"line":22,"column":91}}},"7":{"name":"(anonymous_7)","decl":{"start":{"line":23,"column":2},"end":{"line":23,"column":5}},"loc":{"start":{"line":23,"column":38},"end":{"line":26,"column":3}}},"8":{"name":"(anonymous_8)","decl":{"start":{"line":27,"column":2},"end":{"line":27,"column":5}},"loc":{"start":{"line":27,"column":20},"end":{"line":27,"column":56}}},"9":{"name":"(anonymous_9)","decl":{"start":{"line":28,"column":2},"end":{"line":28,"column":7}},"loc":{"start":{"line":28,"column":22},"end":{"line":28,"column":54}}},"10":{"name":"(anonymous_10)","decl":{"start":{"line":29,"column":2},"end":{"line":29,"column":10}},"loc":{"start":{"line":29,"column":10},"end":{"line":29,"column":36}}}},"branchMap":{"0":{"loc":{"start":{"line":17,"column":9},"end":{"line":17,"column":61}},"type":"binary-expr","locations":[{"start":{"line":17,"column":9},"end":{"line":17,"column":37}},{"start":{"line":17,"column":41},"end":{"line":17,"column":61}}]},"1":{"loc":{"start":{"line":22,"column":52},"end":{"line":22,"column":88}},"type":"binary-expr","locations":[{"start":{"line":22,"column":52},"end":{"line":22,"column":57}},{"start":{"line":22,"column":61},"end":{"line":22,"column":88}}]},"2":{"loc":{"start":{"line":24,"column":4},"end":{"line":24,"column":73}},"type":"if","locations":[{"start":{"line":24,"column":4},"end":{"line":24,"column":73}}]}},"s":{"0":1,"1":3,"2":4,"3":3,"4":1,"5":1,"6":6,"7":3,"8":4,"9":1,"10":3,"11":4,"12":1,"13":1,"14":1},"f":{"0":3,"1":4,"2":3,"3":1,"4":1,"5":6,"6":3,"7":4,"8":4,"9":1,"10":1},"b":{"0":[6,6],"1":[3,3],"2":[1]}}
,"C:\\Users\\Admin\\Documents\\trae_projects\\RN\\src\\messages\\pipeline.ts": {"path":"C:\\Users\\Admin\\Documents\\trae_projects\\RN\\src\\messages\\pipeline.ts","statementMap":{"0":{"start":{"line":14,"column":0},"end":{"line":14,"column":16}},"1":{"start":{"line":1,"column":0},"end":{"line":1,"column":108}},"2":{"start":{"line":23,"column":14},"end":{"line":23,"column":47}},"3":{"start":{"line":24,"column":18},"end":{"line":24,"column":79}},"4":{"start":{"line":25,"column":2},"end":{"line":25,"column":51}},"5":{"start":{"line":26,"column":32},"end":{"line":34,"column":4}},"6":{"start":{"line":35,"column":2},"end":{"line":35,"column":29}}},"fnMap":{"0":{"name":"buildEncryptedMessageRecord","decl":{"start":{"line":14,"column":16},"end":{"line":14,"column":43}},"loc":{"start":{"line":21,"column":74},"end":{"line":36,"column":1}}}},"branchMap":{"0":{"loc":{"start":{"line":19,"column":2},"end":{"line":19,"column":30}},"type":"default-arg","locations":[{"start":{"line":19,"column":24},"end":{"line":19,"column":30}}]}},"s":{"0":1,"1":1,"2":2,"3":2,"4":2,"5":2,"6":2},"f":{"0":2},"b":{"0":[1]}}
,"C:\\Users\\Admin\\Documents\\trae_projects\\RN\\src\\profiles\\service.ts": {"path":"C:\\Users\\Admin\\Documents\\trae_projects\\RN\\src\\profiles\\service.ts","statementMap":{"0":{"start":{"line":5,"column":42},"end":{"line":5,"column":65}},"1":{"start":{"line":7,"column":4},"end":{"line":7,"column":36}},"2":{"start":{"line":10,"column":4},"end":{"line":10,"column":112}},"3":{"start":{"line":10,"column":76},"end":{"line":10,"column":112}},"4":{"start":{"line":11,"column":4},"end":{"line":11,"column":42}},"5":{"start":{"line":3,"column":0},"end":{"line":3,"column":13}}},"fnMap":{"0":{"name":"(anonymous_0)","decl":{"start":{"line":5,"column":2},"end":{"line":5,"column":14}},"loc":{"start":{"line":5,"column":38},"end":{"line":5,"column":67}}},"1":{"name":"(anonymous_1)","decl":{"start":{"line":6,"column":2},"end":{"line":6,"column":7}},"loc":{"start":{"line":6,"column":29},"end":{"line":8,"column":3}}},"2":{"name":"(anonymous_2)","decl":{"start":{"line":9,"column":2},"end":{"line":9,"column":7}},"loc":{"start":{"line":9,"column":57},"end":{"line":12,"column":3}}}},"branchMap":{"0":{"loc":{"start":{"line":10,"column":4},"end":{"line":10,"column":112}},"type":"if","locations":[{"start":{"line":10,"column":4},"end":{"line":10,"column":112}}]},"1":{"loc":{"start":{"line":10,"column":8},"end":{"line":10,"column":74}},"type":"binary-expr","locations":[{"start":{"line":10,"column":8},"end":{"line":10,"column":36}},{"start":{"line":10,"column":40},"end":{"line":10,"column":74}}]}},"s":{"0":2,"1":1,"2":2,"3":1,"4":1,"5":1},"f":{"0":2,"1":1,"2":2},"b":{"0":[1],"1":[2,1]}}
}
