TN:
SF:src\auth\service.ts
FN:6,(anonymous_0)
FN:7,(anonymous_1)
FN:12,(anonymous_2)
FN:18,(anonymous_3)
FN:23,(anonymous_4)
FNF:5
FNH:5
FNDA:2,(anonymous_0)
FNDA:2,(anonymous_1)
FNDA:2,(anonymous_2)
FNDA:2,(anonymous_3)
FNDA:1,(anonymous_4)
DA:3,1
DA:5,2
DA:6,2
DA:8,2
DA:9,1
DA:10,1
DA:13,2
DA:14,1
DA:15,1
DA:16,1
DA:19,2
DA:20,2
DA:21,2
DA:24,1
DA:25,1
LF:15
LH:15
BRDA:8,0,0,1
BRDA:8,1,0,2
BRDA:8,1,1,2
BRDA:8,1,2,2
BRDA:13,2,0,1
BRDA:13,3,0,2
BRDA:13,3,1,2
BRDA:13,3,2,2
BRF:8
BRH:8
end_of_record
TN:
SF:src\crypto\e2ee.ts
FN:12,sha256Hex
FN:16,deriveChatKey
FN:23,encryptMessage
FN:43,decryptMessage
FN:56,validatePayloadInvariants
FNF:5
FNH:5
FNDA:11,sha256Hex
FNDA:12,deriveChatKey
FNDA:10,encryptMessage
FNDA:3,decryptMessage
FNDA:9,validatePayloadInvariants
DA:1,2
DA:12,2
DA:13,11
DA:16,2
DA:17,12
DA:18,11
DA:19,11
DA:20,11
DA:23,2
DA:30,10
DA:31,10
DA:32,10
DA:33,10
DA:43,2
DA:44,3
DA:45,3
DA:46,3
DA:47,3
DA:48,3
DA:56,2
DA:57,9
DA:58,9
DA:59,9
DA:60,8
DA:61,8
DA:62,1
DA:64,7
DA:65,6
LF:28
LH:28
BRDA:16,0,0,12
BRDA:17,1,0,1
BRDA:27,2,0,1
BRDA:56,3,0,4
BRDA:57,4,0,7
BRDA:59,5,0,1
BRDA:61,6,0,1
BRDA:61,7,0,8
BRDA:61,7,1,4
BRDA:64,8,0,1
BRDA:64,9,0,7
BRDA:64,9,1,6
BRDA:65,10,0,1
BRDA:65,11,0,6
BRDA:65,11,1,5
BRF:15
BRH:15
end_of_record
TN:
SF:src\key\session.ts
FN:8,(anonymous_0)
FN:10,(anonymous_1)
FN:11,(anonymous_2)
FN:12,(anonymous_3)
FN:13,(anonymous_4)
FN:16,validatePassword
FN:22,(anonymous_6)
FN:23,(anonymous_7)
FN:27,(anonymous_8)
FN:28,(anonymous_9)
FN:29,(anonymous_10)
FNF:11
FNH:11
FNDA:3,(anonymous_0)
FNDA:4,(anonymous_1)
FNDA:3,(anonymous_2)
FNDA:1,(anonymous_3)
FNDA:1,(anonymous_4)
FNDA:6,validatePassword
FNDA:3,(anonymous_6)
FNDA:4,(anonymous_7)
FNDA:4,(anonymous_8)
FNDA:1,(anonymous_9)
FNDA:1,(anonymous_10)
DA:9,3
DA:10,4
DA:11,3
DA:12,1
DA:13,1
DA:16,1
DA:17,6
DA:20,1
DA:22,3
DA:24,4
DA:25,3
DA:27,4
DA:28,1
DA:29,1
LF:14
LH:14
BRDA:17,0,0,6
BRDA:17,0,1,6
BRDA:22,1,0,3
BRDA:22,1,1,3
BRDA:24,2,0,1
BRF:5
BRH:5
end_of_record
TN:
SF:src\messages\pipeline.ts
FN:14,buildEncryptedMessageRecord
FNF:1
FNH:1
FNDA:2,buildEncryptedMessageRecord
DA:1,1
DA:14,1
DA:23,2
DA:24,2
DA:25,2
DA:26,2
DA:35,2
LF:7
LH:7
BRDA:19,0,0,1
BRF:1
BRH:1
end_of_record
TN:
SF:src\profiles\service.ts
FN:5,(anonymous_0)
FN:6,(anonymous_1)
FN:9,(anonymous_2)
FNF:3
FNH:3
FNDA:2,(anonymous_0)
FNDA:1,(anonymous_1)
FNDA:2,(anonymous_2)
DA:3,1
DA:5,2
DA:7,1
DA:10,2
DA:11,1
LF:5
LH:5
BRDA:10,0,0,1
BRDA:10,1,0,2
BRDA:10,1,1,1
BRF:3
BRH:3
end_of_record
